0 info it worked if it ends with ok
1 verbose cli [ '/home/havard/.nvm/versions/node/v4.2.1/bin/node',
1 verbose cli   '/home/havard/.nvm/versions/node/v4.2.1/bin/npm',
1 verbose cli   'start' ]
2 info using npm@3.4.1
3 info using node@v4.2.1
4 verbose run-script [ 'prestart', 'start', 'poststart' ]
5 info lifecycle client@1.0.0~prestart: client@1.0.0
6 silly lifecycle client@1.0.0~prestart: no script for prestart, continuing
7 info lifecycle client@1.0.0~start: client@1.0.0
8 verbose lifecycle client@1.0.0~start: unsafe-perm in lifecycle true
9 verbose lifecycle client@1.0.0~start: PATH: /home/havard/.nvm/versions/node/v4.2.1/lib/node_modules/npm/bin/node-gyp-bin:/home/havard/dev/pinette-ui/node_modules/.bin:/home/havard/.gvm/vertx/current/bin:/home/havard/.gvm/springboot/current/bin:/home/havard/.gvm/lazybones/current/bin:/home/havard/.gvm/jbossforge/current/bin:/home/havard/.gvm/jbake/current/bin:/home/havard/.gvm/groovyserv/current/bin:/home/havard/.gvm/groovy/current/bin:/home/havard/.gvm/griffon/current/bin:/home/havard/.gvm/grails/current/bin:/home/havard/.gvm/gradle/current/bin:/home/havard/.gvm/glide/current/bin:/home/havard/.gvm/gaiden/current/bin:/home/havard/.gvm/crash/current/bin:/home/havard/.gvm/asciidoctorj/current/bin:/u01/app/oracle/product/11.2.0/xe/bin:/home/havard/.nvm/versions/node/v4.2.1/bin:./node_modules/.bin:/home/havard/bin:/usr/local/bin:/home/havard/bin:/usr/local/sbin:/usr/local/bin:/usr/sbin:/usr/bin:/sbin:/bin:/usr/games:/usr/local/games:/home/havard/.fzf/bin
10 verbose lifecycle client@1.0.0~start: CWD: /home/havard/dev/pinette-ui
11 silly lifecycle client@1.0.0~start: Args: [ '-c', 'node server.js' ]
12 silly lifecycle client@1.0.0~start: Returned: code: 1  signal: null
13 info lifecycle client@1.0.0~start: Failed to exec start script
14 verbose stack Error: client@1.0.0 start: `node server.js`
14 verbose stack Exit status 1
14 verbose stack     at EventEmitter.<anonymous> (/home/havard/.nvm/versions/node/v4.2.1/lib/node_modules/npm/lib/utils/lifecycle.js:232:16)
14 verbose stack     at emitTwo (events.js:87:13)
14 verbose stack     at EventEmitter.emit (events.js:172:7)
14 verbose stack     at ChildProcess.<anonymous> (/home/havard/.nvm/versions/node/v4.2.1/lib/node_modules/npm/lib/utils/spawn.js:24:14)
14 verbose stack     at emitTwo (events.js:87:13)
14 verbose stack     at ChildProcess.emit (events.js:172:7)
14 verbose stack     at maybeClose (internal/child_process.js:818:16)
14 verbose stack     at Process.ChildProcess._handle.onexit (internal/child_process.js:211:5)
15 verbose pkgid client@1.0.0
16 verbose cwd /home/havard/dev/pinette-ui
17 error Linux 3.16.0-38-generic
18 error argv "/home/havard/.nvm/versions/node/v4.2.1/bin/node" "/home/havard/.nvm/versions/node/v4.2.1/bin/npm" "start"
19 error node v4.2.1
20 error npm  v3.4.1
21 error code ELIFECYCLE
22 error client@1.0.0 start: `node server.js`
22 error Exit status 1
23 error Failed at the client@1.0.0 start script 'node server.js'.
23 error Make sure you have the latest version of node.js and npm installed.
23 error If you do, this is most likely a problem with the client package,
23 error not with npm itself.
23 error Tell the author that this fails on your system:
23 error     node server.js
23 error You can get their info via:
23 error     npm owner ls client
23 error There is likely additional logging output above.
24 verbose exit [ 1, true ]
